[Sun, 23 Mar 2014 14:58:14 +0400] (N); Создание схемы базы данных
[Sun, 23 Mar 2014 14:58:43 +0400] (N); Импорт данных
[Sun, 23 Mar 2014 14:58:44 +0400] (N); Создание демо
[Sun, 23 Mar 2014 14:58:46 +0400] (N); Установка дополнительного языка ru
[Sun, 23 Mar 2014 14:58:47 +0400] (N); Установка дополнительного языка ru
[Sun, 23 Mar 2014 14:58:53 +0400] (N); Модуль access_restrictions установлен
[Sun, 23 Mar 2014 14:58:54 +0400] (N); Модуль attachments установлен
[Sun, 23 Mar 2014 14:58:55 +0400] (N); Модуль banners установлен
[Sun, 23 Mar 2014 14:58:55 +0400] (N); Модуль barcode установлен
[Sun, 23 Mar 2014 14:58:55 +0400] (N); Модуль bestsellers установлен
[Sun, 23 Mar 2014 14:58:56 +0400] (N); Модуль buy_together установлен
[Sun, 23 Mar 2014 14:58:56 +0400] (N); Модуль catalog_mode установлен
[Sun, 23 Mar 2014 14:58:56 +0400] (N); Модуль customers_also_bought установлен
[Sun, 23 Mar 2014 14:58:57 +0400] (N); Модуль data_feeds установлен
[Sun, 23 Mar 2014 14:58:59 +0400] (N); Модуль discussion установлен
[Sun, 23 Mar 2014 14:58:59 +0400] (N); Модуль form_builder установлен
[Sun, 23 Mar 2014 14:59:00 +0400] (N); Модуль gift_certificates установлен
[Sun, 23 Mar 2014 14:59:00 +0400] (N); Модуль google_analytics установлен
[Sun, 23 Mar 2014 14:59:00 +0400] (N); Модуль google_sitemap установлен
[Sun, 23 Mar 2014 14:59:00 +0400] (N); Модуль hidpi установлен
[Sun, 23 Mar 2014 14:59:00 +0400] (N); Модуль hybrid_auth установлен
[Sun, 23 Mar 2014 14:59:01 +0400] (N); Модуль image_zoom установлен
[Sun, 23 Mar 2014 14:59:01 +0400] (N); Модуль janrain установлен
[Sun, 23 Mar 2014 14:59:01 +0400] (N); Модуль my_changes установлен
[Sun, 23 Mar 2014 14:59:03 +0400] (N); Модуль news_and_emails установлен
[Sun, 23 Mar 2014 14:59:04 +0400] (N); Модуль polls установлен
[Sun, 23 Mar 2014 14:59:04 +0400] (N); Модуль price_list установлен
[Sun, 23 Mar 2014 14:59:04 +0400] (N); Модуль required_products установлен
[Sun, 23 Mar 2014 14:59:05 +0400] (N); Модуль reward_points установлен
[Sun, 23 Mar 2014 14:59:06 +0400] (N); Модуль rma установлен
[Sun, 23 Mar 2014 14:59:06 +0400] (N); Модуль rss_feed установлен
[Sun, 23 Mar 2014 14:59:06 +0400] (N); Модуль seo установлен
[Sun, 23 Mar 2014 14:59:07 +0400] (N); Модуль social_buttons установлен
[Sun, 23 Mar 2014 14:59:08 +0400] (N); Модуль store_locator установлен
[Sun, 23 Mar 2014 14:59:08 +0400] (N); Модуль tags установлен
[Sun, 23 Mar 2014 14:59:09 +0400] (N); Модуль twigmo установлен
[Sun, 23 Mar 2014 14:59:09 +0400] (N); Модуль watermarks установлен
[Sun, 23 Mar 2014 14:59:09 +0400] (N); Модуль wishlist установлен
